<?xml version="1.0" encoding="UTF-8"?>
<!-- Generated by org.testng.reporters.JUnitReportReporter -->
<testsuite hostname="Giteshp-lap007" failures="0" tests="2" name="TestNG_Important.TestNG_Basics" time="0.008" errors="0" timestamp="2022-09-09T01:37:33 IST" skipped="0">
  <testcase classname="TestNG_Important.TestNG_Basics" name="test2" time="0.002"/>
  <system-out/>
  <testcase classname="TestNG_Important.TestNG_Basics" name="test1" time="0.006"/>
  <system-out/>
</testsuite> <!-- TestNG_Important.TestNG_Basics -->
