<?xml version="1.0" encoding="UTF-8"?>
<!-- Generated by org.testng.reporters.JUnitReportReporter -->
<testsuite hostname="Giteshp-lap007" failures="0" tests="3" name="TestNG_Important.DataProvider" time="0.016" errors="0" timestamp="2022-11-21T22:55:02 IST" skipped="0">
  <testcase classname="TestNG_Important.DataProvider" name="testdata" time="0.008"/>
  <system-out/>
  <testcase classname="TestNG_Important.DataProvider" name="testdata" time="0.001"/>
  <system-out/>
  <testcase classname="TestNG_Important.DataProvider" name="para" time="0.007"/>
  <system-out/>
</testsuite> <!-- TestNG_Important.DataProvider -->
