<?xml version="1.0" encoding="UTF-8"?>
<!-- Generated by org.testng.reporters.JUnitReportReporter -->
<testsuite hostname="Giteshp-lap007" failures="0" tests="2" name="TestNG_Important.NewGroups" time="0.008" errors="0" timestamp="2022-11-30T22:30:34 IST" skipped="0">
  <testcase classname="TestNG_Important.NewGroups" name="group1" time="0.007"/>
  <system-out/>
  <testcase classname="TestNG_Important.NewGroups" name="group3" time="0.001"/>
  <system-out/>
</testsuite> <!-- TestNG_Important.NewGroups -->
